<?xml version="1.0" encoding="UTF-8" ?>
<testsuite failures="0" time="26.648" errors="0" skipped="0" tests="1" name="ffox.alogin.TestLogin">
  <properties>
    <property name="java.runtime.name" value="Java(TM) SE Runtime Environment"/>
    <property name="sun.boot.library.path" value="C:\Program Files\Java\jdk1.6.0_25\jre\bin"/>
    <property name="java.vm.version" value="20.0-b11"/>
    <property name="java.vm.vendor" value="Sun Microsystems Inc."/>
    <property name="java.vendor.url" value="http://java.sun.com/"/>
    <property name="path.separator" value=";"/>
    <property name="java.vm.name" value="Java HotSpot(TM) 64-Bit Server VM"/>
    <property name="file.encoding.pkg" value="sun.io"/>
    <property name="user.country" value="US"/>
    <property name="sun.java.launcher" value="SUN_STANDARD"/>
    <property name="sun.os.patch.level" value="Service Pack 1"/>
    <property name="java.vm.specification.name" value="Java Virtual Machine Specification"/>
    <property name="user.dir" value="C:\Users\bkett\Documents\seleniumSVN\RazorSafe_Selenium_1_1"/>
    <property name="java.runtime.version" value="1.6.0_25-b06"/>
    <property name="java.awt.graphicsenv" value="sun.awt.Win32GraphicsEnvironment"/>
    <property name="basedir" value="C:\Users\bkett\Documents\seleniumSVN\RazorSafe_Selenium_1_1"/>
    <property name="java.endorsed.dirs" value="C:\Program Files\Java\jdk1.6.0_25\jre\lib\endorsed"/>
    <property name="os.arch" value="amd64"/>
    <property name="surefire.real.class.path" value="C:\Users\bkett\Documents\seleniumSVN\RazorSafe_Selenium_1_1\target\surefire\surefirebooter1716015354071989853.jar"/>
    <property name="java.io.tmpdir" value="C:\Users\bkett\AppData\Local\Temp\"/>
    <property name="line.separator" value="
"/>
    <property name="java.vm.specification.vendor" value="Sun Microsystems Inc."/>
    <property name="user.variant" value=""/>
    <property name="os.name" value="Windows 7"/>
    <property name="sun.jnu.encoding" value="Cp1252"/>
    <property name="java.library.path" value="C:\Program Files\Java\jdk1.6.0_25\jre\bin;.;C:\Windows\Sun\Java\bin;C:\Windows\system32;C:\Windows;C:\Program Files (x86)\NVIDIA Corporation\PhysX\Common;C:\Program Files\Common Files\Microsoft Shared\Windows Live;C:\Program Files (x86)\Common Files\Microsoft Shared\Windows Live;C:\Windows\system32;C:\Windows;C:\Windows\System32\Wbem;C:\Windows\System32\WindowsPowerShell\v1.0\;c:\Program Files (x86)\Microsoft SQL Server\100\Tools\Binn\;c:\Program Files\Microsoft SQL Server\100\Tools\Binn\;c:\Program Files\Microsoft SQL Server\100\DTS\Binn\;C:\Program Files (x86)\VisualSVN\bin;C:\Program Files\Microsoft Windows Performance Toolkit\;C:\Program Files (x86)\WinMerge;C:\pm\IronRuby 1.0v4\bin;C:\Program Files (x86)\Windows Live\Shared;C:\Program Files\SlikSvn\bin\;C:\Program Files (x86)\QuickTime\QTSystem\;C:\Program Files\TortoiseSVN\bin"/>
    <property name="surefire.test.class.path" value="C:\Users\bkett\Documents\seleniumSVN\RazorSafe_Selenium_1_1\target\test-classes;C:\Users\bkett\Documents\seleniumSVN\RazorSafe_Selenium_1_1\target\classes;C:\Users\bkett\.m2\repository\junit\junit\4.1.0\junit-4.1.0.jar;C:\Users\bkett\.m2\repository\org\seleniumhq\selenium\selenium-java\2.17.0\selenium-java-2.17.0.jar;C:\Users\bkett\.m2\repository\org\seleniumhq\selenium\selenium-android-driver\2.17.0\selenium-android-driver-2.17.0.jar;C:\Users\bkett\.m2\repository\org\seleniumhq\selenium\selenium-remote-driver\2.17.0\selenium-remote-driver-2.17.0.jar;C:\Users\bkett\.m2\repository\cglib\cglib-nodep\2.1_3\cglib-nodep-2.1_3.jar;C:\Users\bkett\.m2\repository\org\json\json\20080701\json-20080701.jar;C:\Users\bkett\.m2\repository\com\google\guava\guava\10.0.1\guava-10.0.1.jar;C:\Users\bkett\.m2\repository\com\google\code\findbugs\jsr305\1.3.9\jsr305-1.3.9.jar;C:\Users\bkett\.m2\repository\org\seleniumhq\selenium\selenium-chrome-driver\2.17.0\selenium-chrome-driver-2.17.0.jar;C:\Users\bkett\.m2\repository\org\seleniumhq\selenium\selenium-htmlunit-driver\2.17.0\selenium-htmlunit-driver-2.17.0.jar;C:\Users\bkett\.m2\repository\org\seleniumhq\selenium\selenium-api\2.17.0\selenium-api-2.17.0.jar;C:\Users\bkett\.m2\repository\net\sourceforge\htmlunit\htmlunit\2.9\htmlunit-2.9.jar;C:\Users\bkett\.m2\repository\xalan\xalan\2.7.1\xalan-2.7.1.jar;C:\Users\bkett\.m2\repository\xalan\serializer\2.7.1\serializer-2.7.1.jar;C:\Users\bkett\.m2\repository\commons-collections\commons-collections\3.2.1\commons-collections-3.2.1.jar;C:\Users\bkett\.m2\repository\commons-lang\commons-lang\2.6\commons-lang-2.6.jar;C:\Users\bkett\.m2\repository\org\apache\httpcomponents\httpmime\4.1.2\httpmime-4.1.2.jar;C:\Users\bkett\.m2\repository\commons-codec\commons-codec\1.4\commons-codec-1.4.jar;C:\Users\bkett\.m2\repository\net\sourceforge\htmlunit\htmlunit-core-js\2.9\htmlunit-core-js-2.9.jar;C:\Users\bkett\.m2\repository\xerces\xercesImpl\2.9.1\xercesImpl-2.9.1.jar;C:\Users\bkett\.m2\repository\xml-apis\xml-apis\1.3.04\xml-apis-1.3.04.jar;C:\Users\bkett\.m2\repository\net\sourceforge\nekohtml\nekohtml\1.9.15\nekohtml-1.9.15.jar;C:\Users\bkett\.m2\repository\net\sourceforge\cssparser\cssparser\0.9.5\cssparser-0.9.5.jar;C:\Users\bkett\.m2\repository\org\w3c\css\sac\1.3\sac-1.3.jar;C:\Users\bkett\.m2\repository\commons-logging\commons-logging\1.1.1\commons-logging-1.1.1.jar;C:\Users\bkett\.m2\repository\org\apache\httpcomponents\httpclient\4.1.2\httpclient-4.1.2.jar;C:\Users\bkett\.m2\repository\org\apache\httpcomponents\httpcore\4.1.2\httpcore-4.1.2.jar;C:\Users\bkett\.m2\repository\org\seleniumhq\selenium\selenium-firefox-driver\2.17.0\selenium-firefox-driver-2.17.0.jar;C:\Users\bkett\.m2\repository\commons-io\commons-io\2.0.1\commons-io-2.0.1.jar;C:\Users\bkett\.m2\repository\org\apache\commons\commons-exec\1.1\commons-exec-1.1.jar;C:\Users\bkett\.m2\repository\org\seleniumhq\selenium\selenium-ie-driver\2.17.0\selenium-ie-driver-2.17.0.jar;C:\Users\bkett\.m2\repository\net\java\dev\jna\jna\3.4.0\jna-3.4.0.jar;C:\Users\bkett\.m2\repository\net\java\dev\jna\platform\3.4.0\platform-3.4.0.jar;C:\Users\bkett\.m2\repository\org\seleniumhq\selenium\selenium-iphone-driver\2.17.0\selenium-iphone-driver-2.17.0.jar;C:\Users\bkett\.m2\repository\org\seleniumhq\selenium\selenium-support\2.17.0\selenium-support-2.17.0.jar;"/>
    <property name="java.specification.name" value="Java Platform API Specification"/>
    <property name="java.class.version" value="50.0"/>
    <property name="sun.management.compiler" value="HotSpot 64-Bit Tiered Compilers"/>
    <property name="os.version" value="6.1"/>
    <property name="user.home" value="C:\Users\bkett"/>
    <property name="user.timezone" value=""/>
    <property name="java.awt.printerjob" value="sun.awt.windows.WPrinterJob"/>
    <property name="java.specification.version" value="1.6"/>
    <property name="file.encoding" value="Cp1252"/>
    <property name="user.name" value="bkett"/>
    <property name="java.class.path" value="C:\Users\bkett\Documents\seleniumSVN\RazorSafe_Selenium_1_1\target\test-classes;C:\Users\bkett\Documents\seleniumSVN\RazorSafe_Selenium_1_1\target\classes;C:\Users\bkett\.m2\repository\junit\junit\4.1.0\junit-4.1.0.jar;C:\Users\bkett\.m2\repository\org\seleniumhq\selenium\selenium-java\2.17.0\selenium-java-2.17.0.jar;C:\Users\bkett\.m2\repository\org\seleniumhq\selenium\selenium-android-driver\2.17.0\selenium-android-driver-2.17.0.jar;C:\Users\bkett\.m2\repository\org\seleniumhq\selenium\selenium-remote-driver\2.17.0\selenium-remote-driver-2.17.0.jar;C:\Users\bkett\.m2\repository\cglib\cglib-nodep\2.1_3\cglib-nodep-2.1_3.jar;C:\Users\bkett\.m2\repository\org\json\json\20080701\json-20080701.jar;C:\Users\bkett\.m2\repository\com\google\guava\guava\10.0.1\guava-10.0.1.jar;C:\Users\bkett\.m2\repository\com\google\code\findbugs\jsr305\1.3.9\jsr305-1.3.9.jar;C:\Users\bkett\.m2\repository\org\seleniumhq\selenium\selenium-chrome-driver\2.17.0\selenium-chrome-driver-2.17.0.jar;C:\Users\bkett\.m2\repository\org\seleniumhq\selenium\selenium-htmlunit-driver\2.17.0\selenium-htmlunit-driver-2.17.0.jar;C:\Users\bkett\.m2\repository\org\seleniumhq\selenium\selenium-api\2.17.0\selenium-api-2.17.0.jar;C:\Users\bkett\.m2\repository\net\sourceforge\htmlunit\htmlunit\2.9\htmlunit-2.9.jar;C:\Users\bkett\.m2\repository\xalan\xalan\2.7.1\xalan-2.7.1.jar;C:\Users\bkett\.m2\repository\xalan\serializer\2.7.1\serializer-2.7.1.jar;C:\Users\bkett\.m2\repository\commons-collections\commons-collections\3.2.1\commons-collections-3.2.1.jar;C:\Users\bkett\.m2\repository\commons-lang\commons-lang\2.6\commons-lang-2.6.jar;C:\Users\bkett\.m2\repository\org\apache\httpcomponents\httpmime\4.1.2\httpmime-4.1.2.jar;C:\Users\bkett\.m2\repository\commons-codec\commons-codec\1.4\commons-codec-1.4.jar;C:\Users\bkett\.m2\repository\net\sourceforge\htmlunit\htmlunit-core-js\2.9\htmlunit-core-js-2.9.jar;C:\Users\bkett\.m2\repository\xerces\xercesImpl\2.9.1\xercesImpl-2.9.1.jar;C:\Users\bkett\.m2\repository\xml-apis\xml-apis\1.3.04\xml-apis-1.3.04.jar;C:\Users\bkett\.m2\repository\net\sourceforge\nekohtml\nekohtml\1.9.15\nekohtml-1.9.15.jar;C:\Users\bkett\.m2\repository\net\sourceforge\cssparser\cssparser\0.9.5\cssparser-0.9.5.jar;C:\Users\bkett\.m2\repository\org\w3c\css\sac\1.3\sac-1.3.jar;C:\Users\bkett\.m2\repository\commons-logging\commons-logging\1.1.1\commons-logging-1.1.1.jar;C:\Users\bkett\.m2\repository\org\apache\httpcomponents\httpclient\4.1.2\httpclient-4.1.2.jar;C:\Users\bkett\.m2\repository\org\apache\httpcomponents\httpcore\4.1.2\httpcore-4.1.2.jar;C:\Users\bkett\.m2\repository\org\seleniumhq\selenium\selenium-firefox-driver\2.17.0\selenium-firefox-driver-2.17.0.jar;C:\Users\bkett\.m2\repository\commons-io\commons-io\2.0.1\commons-io-2.0.1.jar;C:\Users\bkett\.m2\repository\org\apache\commons\commons-exec\1.1\commons-exec-1.1.jar;C:\Users\bkett\.m2\repository\org\seleniumhq\selenium\selenium-ie-driver\2.17.0\selenium-ie-driver-2.17.0.jar;C:\Users\bkett\.m2\repository\net\java\dev\jna\jna\3.4.0\jna-3.4.0.jar;C:\Users\bkett\.m2\repository\net\java\dev\jna\platform\3.4.0\platform-3.4.0.jar;C:\Users\bkett\.m2\repository\org\seleniumhq\selenium\selenium-iphone-driver\2.17.0\selenium-iphone-driver-2.17.0.jar;C:\Users\bkett\.m2\repository\org\seleniumhq\selenium\selenium-support\2.17.0\selenium-support-2.17.0.jar;"/>
    <property name="java.vm.specification.version" value="1.0"/>
    <property name="sun.arch.data.model" value="64"/>
    <property name="java.home" value="C:\Program Files\Java\jdk1.6.0_25\jre"/>
    <property name="sun.java.command" value="C:\Users\bkett\Documents\seleniumSVN\RazorSafe_Selenium_1_1\target\surefire\surefirebooter1716015354071989853.jar C:\Users\bkett\Documents\seleniumSVN\RazorSafe_Selenium_1_1\target\surefire\surefire3283105206422466032tmp C:\Users\bkett\Documents\seleniumSVN\RazorSafe_Selenium_1_1\target\surefire\surefire8376860620881325590tmp"/>
    <property name="java.specification.vendor" value="Sun Microsystems Inc."/>
    <property name="user.language" value="en"/>
    <property name="awt.toolkit" value="sun.awt.windows.WToolkit"/>
    <property name="java.vm.info" value="mixed mode"/>
    <property name="java.version" value="1.6.0_25"/>
    <property name="java.ext.dirs" value="C:\Program Files\Java\jdk1.6.0_25\jre\lib\ext;C:\Windows\Sun\Java\lib\ext"/>
    <property name="sun.boot.class.path" value="C:\Program Files\Java\jdk1.6.0_25\jre\lib\resources.jar;C:\Program Files\Java\jdk1.6.0_25\jre\lib\rt.jar;C:\Program Files\Java\jdk1.6.0_25\jre\lib\sunrsasign.jar;C:\Program Files\Java\jdk1.6.0_25\jre\lib\jsse.jar;C:\Program Files\Java\jdk1.6.0_25\jre\lib\jce.jar;C:\Program Files\Java\jdk1.6.0_25\jre\lib\charsets.jar;C:\Program Files\Java\jdk1.6.0_25\jre\lib\modules\jdk.boot.jar;C:\Program Files\Java\jdk1.6.0_25\jre\classes"/>
    <property name="java.vendor" value="Sun Microsystems Inc."/>
    <property name="localRepository" value="C:\Users\bkett\.m2\repository"/>
    <property name="file.separator" value="\"/>
    <property name="java.vendor.url.bug" value="http://java.sun.com/cgi-bin/bugreport.cgi"/>
    <property name="sun.cpu.endian" value="little"/>
    <property name="sun.io.unicode.encoding" value="UnicodeLittle"/>
    <property name="sun.desktop" value="windows"/>
    <property name="sun.cpu.isalist" value="amd64"/>
  </properties>
  <testcase time="26.6" classname="ffox.alogin.TestLogin" name="testLogin"/>
</testsuite>