<?xml version="1.0" encoding="UTF-8"?>
<!-- Generated by org.testng.reporters.JUnitReportReporter -->
<testsuite ignored="0" hostname="DESKTOP-G3VLFOS" failures="0" tests="1" name="com.intradyn.EmailArchive.BrowserStack" time="79.806" errors="0" timestamp="02 Jul 2018 10:35:09 GMT" skipped="0">
  <testcase classname="com.intradyn.EmailArchive.BrowserStack" name="openURL" time="79.806"/>
</testsuite> <!-- com.intradyn.EmailArchive.BrowserStack -->
